/var/tmp//cc3FpDLL.s:3:11: warning: section "__textcoal_nt" is deprecated
        .section __TEXT,__textcoal_nt,coalesced,pure_instructions
                 ^      ~~~~~~~~~~~~~
/var/tmp//cc3FpDLL.s:3:11: note: change section name to "__text"
        .section __TEXT,__textcoal_nt,coalesced,pure_instructions
                 ^      ~~~~~~~~~~~~~
/var/tmp//cc3FpDLL.s:251:11: warning: section "__textcoal_nt" is deprecated
        .section __TEXT,__textcoal_nt,coalesced,pure_instructions
                 ^      ~~~~~~~~~~~~~
/var/tmp//cc3FpDLL.s:251:11: note: change section name to "__text"
        .section __TEXT,__textcoal_nt,coalesced,pure_instructions
                 ^      ~~~~~~~~~~~~~
/var/tmp//cc3FpDLL.s:358:11: warning: section "__textcoal_nt" is deprecated
        .section __TEXT,__textcoal_nt,coalesced,pure_instructions
                 ^      ~~~~~~~~~~~~~
/var/tmp//cc3FpDLL.s:358:11: note: change section name to "__text"
        .section __TEXT,__textcoal_nt,coalesced,pure_instructions
                 ^      ~~~~~~~~~~~~~
/var/tmp//cc3FpDLL.s:1808:11: warning: section "__textcoal_nt" is deprecated
        .section __TEXT,__textcoal_nt,coalesced,pure_instructions
                 ^      ~~~~~~~~~~~~~
/var/tmp//cc3FpDLL.s:1808:11: note: change section name to "__text"
        .section __TEXT,__textcoal_nt,coalesced,pure_instructions
                 ^      ~~~~~~~~~~~~~
/var/tmp//cc3FpDLL.s:3243:11: warning: section "__textcoal_nt" is deprecated
        .section __TEXT,__textcoal_nt,coalesced,pure_instructions
                 ^      ~~~~~~~~~~~~~
/var/tmp//cc3FpDLL.s:3243:11: note: change section name to "__text"
        .section __TEXT,__textcoal_nt,coalesced,pure_instructions
                 ^      ~~~~~~~~~~~~~
/var/tmp//cc3FpDLL.s:3563:11: warning: section "__textcoal_nt" is deprecated
        .section __TEXT,__textcoal_nt,coalesced,pure_instructions
                 ^      ~~~~~~~~~~~~~
/var/tmp//cc3FpDLL.s:3563:11: note: change section name to "__text"
        .section __TEXT,__textcoal_nt,coalesced,pure_instructions
                 ^      ~~~~~~~~~~~~~
/var/tmp//cc3FpDLL.s:7294:11: warning: section "__const_coal" is deprecated
        .section __DATA,__const_coal,coalesced
                 ^      ~~~~~~~~~~~~
/var/tmp//cc3FpDLL.s:7294:11: note: change section name to "__const"
        .section __DATA,__const_coal,coalesced
                 ^      ~~~~~~~~~~~~
/var/tmp//cc3FpDLL.s:7301:11: warning: section "__const_coal" is deprecated
        .section __TEXT,__const_coal,coalesced
                 ^      ~~~~~~~~~~~~
/var/tmp//cc3FpDLL.s:7301:11: note: change section name to "__const"
        .section __TEXT,__const_coal,coalesced
                 ^      ~~~~~~~~~~~~
/var/tmp//cc3FpDLL.s:7319:11: warning: section "__const_coal" is deprecated
        .section __DATA,__const_coal,coalesced
                 ^      ~~~~~~~~~~~~
/var/tmp//cc3FpDLL.s:7319:11: note: change section name to "__const"
        .section __DATA,__const_coal,coalesced
                 ^      ~~~~~~~~~~~~
/var/tmp//cc3FpDLL.s:7327:11: warning: section "__const_coal" is deprecated
        .section __TEXT,__const_coal,coalesced
                 ^      ~~~~~~~~~~~~
/var/tmp//cc3FpDLL.s:7327:11: note: change section name to "__const"
        .section __TEXT,__const_coal,coalesced
                 ^      ~~~~~~~~~~~~
/var/tmp//cc3FpDLL.s:7333:11: warning: section "__const_coal" is deprecated
        .section __DATA,__const_coal,coalesced
                 ^      ~~~~~~~~~~~~
/var/tmp//cc3FpDLL.s:7333:11: note: change section name to "__const"
        .section __DATA,__const_coal,coalesced
                 ^      ~~~~~~~~~~~~
ld: warning: ld: warning: ignoring file /Users/chenguolin/chenguolin/github/cpp_util/gtest/gtest_64/lib/libgtest.a, file was built for archive which is not the architecture being linked (x86_64): /Users/chenguolin/chenguolin/github/cpp_util/gtest/gtest_64/lib/libgtest.aignoring file /Users/chenguolin/chenguolin/github/cpp_util/gtest/gtest_64/lib/libgtest_main.a, file was built for archive which is not the architecture being linked (x86_64): /Users/chenguolin/chenguolin/github/cpp_util/gtest/gtest_64/lib/libgtest_main.a

Undefined symbols for architecture x86_64:
  "testing::AssertionSuccess()", referenced from:
      TestArgvContext_ArgvContext_Test::TestBody()      in argvContextTest.o
      testing::AssertionResult testing::internal::CmpHelperEQ<std::basic_string<char, std::char_traits<char>, std::allocator<char> >, char [5]>(char const*, char const*, std::basic_string<char, std::char_traits<char>, std::allocator<char> > const&, char const (&) [5]) in argvContextTest.o
  "testing::Test::SetUp()", referenced from:
      vtable for TestArgvContext_ArgvContext_Test in argvContextTest.o
  "testing::Test::TearDown()", referenced from:
      vtable for TestArgvContext_ArgvContext_Test in argvContextTest.o
  "testing::Test::Test()", referenced from:
      testing::internal::TestFactoryImpl<TestArgvContext_ArgvContext_Test>::CreateTest()       in argvContextTest.o
  "testing::Test::~Test()", referenced from:
      TestArgvContext_ArgvContext_Test::~TestArgvContext_ArgvContext_Test() in argvContextTest.o
      TestArgvContext_ArgvContext_Test::~TestArgvContext_ArgvContext_Test() in argvContextTest.o
  "testing::Message::Message()", referenced from:
      TestArgvContext_ArgvContext_Test::TestBody()      in argvContextTest.o
  "testing::internal::AssertHelper::AssertHelper(testing::TestPartResult::Type, char const*, int, char const*)", referenced from:
      TestArgvContext_ArgvContext_Test::TestBody()      in argvContextTest.o
  "testing::internal::AssertHelper::~AssertHelper()", referenced from:
      TestArgvContext_ArgvContext_Test::TestBody()      in argvContextTest.o
  "testing::internal::GetTestTypeId()", referenced from:
      __GLOBAL__sub_I_argvContextTest.cpp in argvContextTest.o
  "testing::internal::PrintStringTo(std::basic_string<char, std::char_traits<char>, std::allocator<char> > const&, std::basic_ostream<char, std::char_traits<char> >*)", referenced from:
      std::basic_string<char, std::char_traits<char>, std::allocator<char> > testing::PrintToString<char const*>(char const* const&) in argvContextTest.o
      std::basic_string<char, std::char_traits<char>, std::allocator<char> > testing::PrintToString<std::basic_string<char, std::char_traits<char>, std::allocator<char> > >(std::basic_string<char, std::char_traits<char>, std::allocator<char> > const&) in argvContextTest.o
  "testing::internal::MakeAndRegisterTestInfo(char const*, char const*, char const*, char const*, testing::internal::CodeLocation, void const*, void (*)(), void (*)(), testing::internal::TestFactoryBase*)", referenced from:
      __GLOBAL__sub_I_argvContextTest.cpp in argvContextTest.o
  "testing::internal::GetBoolAssertionFailureMessage(testing::AssertionResult const&, char const*, char const*, char const*)", referenced from:
      TestArgvContext_ArgvContext_Test::TestBody()      in argvContextTest.o
  "testing::internal::IsTrue(bool)", referenced from:
      TestArgvContext_ArgvContext_Test::TestBody()      in argvContextTest.o
      testing::internal::scoped_ptr<std::basic_string<char, std::char_traits<char>, std::allocator<char> > >::reset(std::basic_string<char, std::char_traits<char>, std::allocator<char> >*) in argvContextTest.o
      testing::internal::scoped_ptr<std::basic_stringstream<char, std::char_traits<char>, std::allocator<char> > >::reset(std::basic_stringstream<char, std::char_traits<char>, std::allocator<char> >*) in argvContextTest.o
  "testing::internal::EqFailure(char const*, char const*, std::basic_string<char, std::char_traits<char>, std::allocator<char> > const&, std::basic_string<char, std::char_traits<char>, std::allocator<char> > const&, bool)", referenced from:
      TestArgvContext_ArgvContext_Test::TestBody()      in argvContextTest.o
      testing::AssertionResult testing::internal::CmpHelperEQ<std::basic_string<char, std::char_traits<char>, std::allocator<char> >, char [5]>(char const*, char const*, std::basic_string<char, std::char_traits<char>, std::allocator<char> > const&, char const (&) [5]) in argvContextTest.o
  "testing::internal::AssertHelper::operator=(testing::Message const&) const", referenced from:
      TestArgvContext_ArgvContext_Test::TestBody()      in argvContextTest.o
  "typeinfo for testing::Test", referenced from:
      typeinfo for TestArgvContext_ArgvContext_Test in argvContextTest.o
  "_main", referenced from:
     implicit entry/start for main executable
ld: symbol(s) not found for architecture x86_64
collect2: error: ld returned 1 exit status
scons: *** [argvContextTest] Error 1
